<?xml version="1.0" encoding="UTF-8"?>
<!-- Generated by org.testng.reporters.JUnitReportReporter -->
<testsuite hostname="LIM-7CBMXY2" failures="0" tests="2" name="suite1.OpenCartTests" time="22.986" errors="0" timestamp="6 Sep 2021 14:38:21 GMT">
  <testcase classname="suite1.OpenCartTests" name="searchForProduct" time="0.638"/>
  <testcase classname="suite1.OpenCartTests" name="launchSite" time="22.348"/>
</testsuite> <!-- suite1.OpenCartTests -->
