<?xml version="1.0" encoding="UTF-8"?>
<!-- Generated by org.testng.reporters.JUnitReportReporter -->
<testsuite hostname="LIM-7CBMXY2" failures="0" tests="2" name="training.FirstSeleniumJavaTest" time="31.283" errors="0" timestamp="5 Sep 2021 15:28:21 GMT">
  <testcase classname="training.FirstSeleniumJavaTest" name="testTwo" time="1.452"/>
  <testcase classname="training.FirstSeleniumJavaTest" name="testEasy" time="29.831"/>
</testsuite> <!-- training.FirstSeleniumJavaTest -->
