<?xml version="1.0" encoding="UTF-8"?>
<!-- Generated by org.testng.reporters.JUnitReportReporter -->
<testsuite hostname="LIM-7CBMXY2" failures="0" tests="1" name="suite1.OpenCartTests" time="23.423" errors="0" timestamp="5 Sep 2021 17:12:22 GMT">
  <testcase classname="suite1.OpenCartTests" name="launchSite" time="23.423"/>
</testsuite> <!-- suite1.OpenCartTests -->
