<?xml version="1.0" encoding="UTF-8"?>
<!-- Generated by org.testng.reporters.JUnitReportReporter -->
<testsuite hostname="LIM-7CBMXY2" name="suite1.OpenCartTests" tests="2" failures="0" timestamp="7 Sep 2021 02:58:22 GMT" time="24.010" errors="0">
  <testcase name="searchForProduct" time="0.650" classname="suite1.OpenCartTests"/>
  <testcase name="launchSite" time="23.360" classname="suite1.OpenCartTests"/>
</testsuite> <!-- suite1.OpenCartTests -->
